==1470== Memcheck, a memory error detector
==1470== Copyright (C) 2002-2017, and GNU GPL'd, by Julian Seward et al.
==1470== Using Valgrind-3.13.0 and LibVEX; rerun with -h for copyright info
==1470== Command: bin/bourse -p 9999
==1470== Parent PID: 1456
==1470== 
==1470== 
==1470== FILE DESCRIPTORS: 7 open at exit.
==1470== Open file descriptor 13: /dev/shm/bxf_arena_1454 (deleted)
==1470==    <inherited from parent>
==1470== 
==1470== Open file descriptor 12: /dev/shm/bxf_arena_1454 (deleted)
==1470==    <inherited from parent>
==1470== 
==1470== Open file descriptor 4:
==1470==    <inherited from parent>
==1470== 
==1470== Open file descriptor 3: /home/student/zhenwu/hw5/valgrind.out
==1470==    <inherited from parent>
==1470== 
==1470== Open file descriptor 2: /dev/pts/4
==1470==    <inherited from parent>
==1470== 
==1470== Open file descriptor 1: /dev/pts/4
==1470==    <inherited from parent>
==1470== 
==1470== Open file descriptor 0:
==1470==    <inherited from parent>
==1470== 
==1470== 
==1470== HEAP SUMMARY:
==1470==     in use at exit: 0 bytes in 0 blocks
==1470==   total heap usage: 14 allocs, 14 frees, 11,228 bytes allocated
==1470== 
==1470== All heap blocks were freed -- no leaks are possible
==1470== 
==1470== For counts of detected and suppressed errors, rerun with: -v
==1470== ERROR SUMMARY: 0 errors from 0 contexts (suppressed: 0 from 0)
